<?xml version="1.0" encoding="UTF-8"?>
<testng-results ignored="0" total="2" passed="2" failed="0" skipped="0">
  <reporter-output>
  </reporter-output>
  <suite started-at="2023-08-30T23:54:20 IST" name="Gradle suite" finished-at="2023-08-30T23:54:20 IST" duration-ms="64">
    <groups>
    </groups>
    <test started-at="2023-08-30T23:54:20 IST" name="Gradle test" finished-at="2023-08-30T23:54:20 IST" duration-ms="64">
      <class name="TestRunner.Runner">
        <test-method signature="generateReport()[pri:0, instance:TestRunner.Runner@70ed52de]" started-at="2023-08-30T23:54:20 IST" name="generateReport" finished-at="2023-08-30T23:54:20 IST" duration-ms="6" status="PASS">
          <reporter-output>
          </reporter-output>
        </test-method> <!-- generateReport -->
        <test-method signature="saveConfig()[pri:0, instance:TestRunner.Runner@70ed52de]" started-at="2023-08-30T23:54:20 IST" name="saveConfig" finished-at="2023-08-30T23:54:20 IST" duration-ms="3" status="PASS">
          <reporter-output>
          </reporter-output>
        </test-method> <!-- saveConfig -->
      </class> <!-- TestRunner.Runner -->
    </test> <!-- Gradle test -->
  </suite> <!-- Gradle suite -->
</testng-results>
